<?xml version="1.0" encoding="UTF-8"?>
<!-- Generated by org.testng.reporters.JUnitReportReporter -->
<testsuite skipped="0" hostname="DHANA-PC" name="first.com.testing.NewTest" tests="2" failures="0" timestamp="12 Nov 2018 19:32:12 GMT" time="13.431" errors="0">
  <testcase name="Login" time="4.229" classname="first.com.testing.NewTest"/>
  <testcase name="CreateCard" time="9.202" classname="first.com.testing.NewTest"/>
</testsuite> <!-- first.com.testing.NewTest -->
