<?xml version="1.0" encoding="UTF-8"?>
<!-- Generated by org.testng.reporters.JUnitReportReporter -->
<testsuite skipped="0" hostname="DHANA-PC" name="first.com.testing.SampleTwo" tests="2" failures="0" timestamp="15 Nov 2018 04:03:37 GMT" time="0.006" errors="0">
  <testcase name="normaltest" time="0.002" classname="first.com.testing.SampleTwo"/>
  <testcase name="f" time="0.004" classname="first.com.testing.SampleTwo"/>
</testsuite> <!-- first.com.testing.SampleTwo -->
