<?xml version="1.0" encoding="UTF-8"?>
<!-- Generated by org.testng.reporters.JUnitReportReporter -->
<testsuite skipped="0" hostname="DHANA-PC" name="first.com.testing.SampleTest" tests="2" failures="0" timestamp="17 Nov 2018 01:59:37 GMT" time="0.010" errors="0">
  <testcase name="testTwo" time="0.004" classname="first.com.testing.SampleTest"/>
  <testcase name="testOne" time="0.006" classname="first.com.testing.SampleTest"/>
</testsuite> <!-- first.com.testing.SampleTest -->
