<?xml version="1.0" encoding="UTF-8"?>
<!-- Generated by org.testng.reporters.JUnitReportReporter -->
<testsuite skipped="0" hostname="DHANA-PC" name="first.com.testing.NewTest2" tests="2" failures="0" timestamp="15 Nov 2018 04:14:36 GMT" time="14.004" errors="0">
  <testcase name="Login" time="3.759" classname="first.com.testing.NewTest2"/>
  <testcase name="CreateCard" time="10.245" classname="first.com.testing.NewTest2"/>
</testsuite> <!-- first.com.testing.NewTest2 -->
